<?xml version="1.0" encoding="UTF-8"?>
<testsuite xmlns:xsi="http://www.w3.org/2001/XMLSchema-instance" xsi:noNamespaceSchemaLocation="https://maven.apache.org/surefire/maven-surefire-plugin/xsd/surefire-test-report-3.0.xsd" version="3.0" name="com.example.backend.controller.ResourceControllerTest" time="5.494" tests="2" errors="0" skipped="0" failures="0">
  <properties>
[...]
</properties>
  <testcase name="shouldReturnMockPayload" classname="com.example.backend.controller.ResourceControllerTest" time="1.457">
    <system-out><![CDATA[23:07:21.562 [main] INFO org.springframework.test.context.support.AnnotationConfigContextLoaderUtils -- Could not detect default configuration classes for test class [com.example.backend.controller.ResourceControllerTest]: ResourceControllerTest does not declare any static, non-private, non-final, nested classes annotated with @Configuration.
23:07:21.734 [main] INFO org.springframework.boot.test.context.SpringBootTestContextBootstrapper -- Found @SpringBootConfiguration com.example.backend.BackendApplication for test class com.example.backend.controller.ResourceControllerTest

  .   ____          _            __ _ _
 /\\ / ___'_ __ _ _(_)_ __  __ _ \ \ \ \
( ( )\___ | '_ | '_| | '_ \/ _` | \ \ \ \
 \\/  ___)| |_)| | | | | || (_| |  ) ) ) )
  '  |____| .__|_| |_|_| |_\__, | / / / /
 =========|_|==============|___/=/_/_/_/

 :: Spring Boot ::                (v3.3.3)

2025-10-31T23:07:22.548+05:30  INFO 17040 --- [           main] c.e.b.controller.ResourceControllerTest  : Starting ResourceControllerTest using Java 21.0.8 with PID 17040 (started by AryanKumar in D:\Projects\gov_test\backend)
2025-10-31T23:07:22.551+05:30  INFO 17040 --- [           main] c.e.b.controller.ResourceControllerTest  : No active profile set, falling back to 1 default profile: "default"
2025-10-31T23:07:25.272+05:30  INFO 17040 --- [           main] o.s.b.t.m.w.SpringBootMockServletContext : Initializing Spring TestDispatcherServlet ''
2025-10-31T23:07:25.273+05:30  INFO 17040 --- [           main] o.s.t.web.servlet.TestDispatcherServlet  : Initializing Servlet ''
2025-10-31T23:07:25.275+05:30  INFO 17040 --- [           main] o.s.t.web.servlet.TestDispatcherServlet  : Completed initialization in 1 ms
2025-10-31T23:07:25.318+05:30  INFO 17040 --- [           main] c.e.b.controller.ResourceControllerTest  : Started ResourceControllerTest in 3.339 seconds (process running for 4.659)
]]></system-out>
    <system-err><![CDATA[WARNING: A Java agent has been loaded dynamically (C:\Users\AryanKumar\.m2\repository\net\bytebuddy\byte-buddy-agent\1.14.19\byte-buddy-agent-1.14.19.jar)
WARNING: If a serviceability tool is in use, please run with -XX:+EnableDynamicAgentLoading to hide this warning
WARNING: If a serviceability tool is not in use, please run with -Djdk.instrument.traceUsage for more information
WARNING: Dynamic loading of agents will be disallowed by default in a future release
]]></system-err>
  </testcase>
  <testcase name="shouldRejectUnsupportedFormat" classname="com.example.backend.controller.ResourceControllerTest" time="0.027"/>
</testsuite>